[debug] [2020-12-10T21:18:04.623Z] ----------------------------------------------------------------------
[debug] [2020-12-10T21:18:04.625Z] Command:       /usr/local/bin/node /usr/local/bin/firebase init
[debug] [2020-12-10T21:18:04.626Z] CLI Version:   8.18.1
[debug] [2020-12-10T21:18:04.626Z] Platform:      darwin
[debug] [2020-12-10T21:18:04.626Z] Node Version:  v15.2.1
[debug] [2020-12-10T21:18:04.627Z] Time:          Thu Dec 10 2020 22:18:04 GMT+0100 (centraleuropeisk normaltid)
[debug] [2020-12-10T21:18:04.627Z] ----------------------------------------------------------------------
[debug] [2020-12-10T21:18:04.627Z] 
[debug] [2020-12-10T21:18:04.631Z] > command requires scopes: ["email","openid","https://www.googleapis.com/auth/cloudplatformprojects.readonly","https://www.googleapis.com/auth/firebase","https://www.googleapis.com/auth/cloud-platform"]
[debug] [2020-12-10T21:18:04.632Z] > authorizing via signed-in user
[info] 
     ######## #### ########  ######## ########     ###     ######  ########
     ##        ##  ##     ## ##       ##     ##  ##   ##  ##       ##
     ######    ##  ########  ######   ########  #########  ######  ######
     ##        ##  ##    ##  ##       ##     ## ##     ##       ## ##
     ##       #### ##     ## ######## ########  ##     ##  ######  ########

You're about to initialize a Firebase project in this directory:

  /Users/johnbrink/Documents/VSC/Iprog/Project/DH2642iprog-project/src

[info] 
=== Project Setup
[info] 
[info] First, let's associate this project directory with a Firebase project.
[info] You can create multiple project aliases by running firebase use --add, 
[info] but for now we'll just set up a default project.
[info] 
